<?xml version="1.0" encoding="UTF-8"?>
<!-- Generated by org.testng.reporters.JUnitReportReporter -->
<testsuite hostname="A3837013.local" name="com.runner.runner" tests="1" failures="0" timestamp="27 Aug 2017 22:05:12 GMT" time="9.299" errors="0">
  <testcase name="purhcaseRequestFormTestSuite" time="9.299" classname="com.runner.runner"/>
</testsuite> <!-- com.runner.runner -->
