<?xml version="1.0" encoding="UTF-8"?>
<!-- Generated by org.testng.reporters.JUnitReportReporter -->
<testsuite hostname="A3837013.local" name="practic.reflactionDemo" tests="1" failures="0" timestamp="27 Aug 2017 21:05:22 GMT" time="0.008" errors="0">
  <testcase name="runReflaction" time="0.008" classname="practic.reflactionDemo"/>
</testsuite> <!-- practic.reflactionDemo -->
