<?xml version="1.0" encoding="UTF-8"?>
<!-- Generated by org.testng.reporters.JUnitReportReporter -->
<testsuite hostname="a3837013.federated.fds" name="com.runner.TestSuiteRunner" tests="3" failures="0" timestamp="29 Aug 2017 16:17:47 GMT" time="108.032" errors="0">
  <testcase name="testValidatePurchaseFormInlineErrors" time="29.701" classname="com.runner.TestSuiteRunner"/>
  <testcase name="testCreatePurchaseRequest" time="44.777" classname="com.runner.TestSuiteRunner"/>
  <testcase name="testValidatePurchaseFormLoaded" time="33.554" classname="com.runner.TestSuiteRunner"/>
</testsuite> <!-- com.runner.TestSuiteRunner -->
